--------------------------------------------------------------------------------
SUMMARY
--------------------------------------------------------------------------------
Specified:
    3 atom types.
    3 bond types.
    2 angle types.
    2 dihedral types.
    6 atoms.
    5 bonds.

Detected:
    1 molecule.

Effectively usable:
    3 atom types.
    3 bond types.

Molecule[1]:
- Amount: 500
- Mass: 62.0680008
- Charge: 0.00000000
- Number of atoms: 6
- Atoms: cH_alcohol1 OH_alcohol2 CH2_alcohol3 CH2_alcohol4 OH_alcohol5
 cH_alcohol6

System:
- Molecules: 500
- Total mass: 31034.0000
- Box lengths: 36.6127663 36.6127663 36.6127663
- Box density: 0.632324696
- Residual charge: 0.00000000
--------------------------------------------------------------------------------
