Adding variable rho with parameters 1.05
Adding variable seed with parameters 287841
Including file ../playmol_ff.playmol
Adding atom type cH_alcohol with parameters mie/cut 0.0 1.0 12.0 6.0
Adding diameter cH_alcohol with parameters 1.0
Adding mass cH_alcohol with parameters 1.008
Adding charge cH_alcohol with parameters 0.404
Adding atom type OH_alcohol with parameters mie/cut 0.1673 3.035 12.0 6.0
Adding diameter OH_alcohol with parameters 3.035
Adding mass OH_alcohol with parameters 15.999
Adding charge OH_alcohol with parameters -0.65
Adding atom type CH2_alcohol with parameters mie/cut 0.1673 3.842 14.0 6.0
Adding diameter CH2_alcohol with parameters 3.842
Adding mass CH2_alcohol with parameters 14.027
Adding charge CH2_alcohol with parameters 0.246
Adding bond type OH_alcohol cH_alcohol with parameters harmonic 200.0 0.97
Adding bond type CH2_alcohol OH_alcohol with parameters harmonic 200.0 1.42
Adding bond type CH2_alcohol CH2_alcohol with parameters harmonic 200.0 1.514
Adding angle type CH2_alcohol OH_alcohol cH_alcohol with parameters harmonic 45.6354 107.4
Adding angle type CH2_alcohol CH2_alcohol OH_alcohol with parameters harmonic 61.8104 113.5
Adding dihedral type CH2_alcohol CH2_alcohol OH_alcohol cH_alcohol with parameters opls -0.7347 0.3257 0.1465 1.2068
Adding dihedral type OH_alcohol CH2_alcohol CH2_alcohol OH_alcohol with parameters nharmonic 8 3.3966 -7.8358 1.8155 6.6448 -7.0705 -0.0781 5.4748 0.2415
Adding atom cH_alcohol1 with parameters cH_alcohol
Adding charge cH_alcohol1 with parameters 0.404
Adding molecule cH_alcohol1 with parameters 1
Adding atom OH_alcohol2 with parameters OH_alcohol
Adding charge OH_alcohol2 with parameters -0.65
Adding molecule OH_alcohol2 with parameters 2
Adding atom CH2_alcohol3 with parameters CH2_alcohol
Adding charge CH2_alcohol3 with parameters 0.246
Adding molecule CH2_alcohol3 with parameters 3
Adding atom CH2_alcohol4 with parameters CH2_alcohol
Adding charge CH2_alcohol4 with parameters 0.246
Adding molecule CH2_alcohol4 with parameters 4
Adding atom OH_alcohol5 with parameters OH_alcohol
Adding charge OH_alcohol5 with parameters -0.65
Adding molecule OH_alcohol5 with parameters 5
Adding atom cH_alcohol6 with parameters cH_alcohol
Adding charge cH_alcohol6 with parameters 0.404
Adding molecule cH_alcohol6 with parameters 6
Adding bond cH_alcohol1 OH_alcohol2
Fusing molecule 2 to molecule 1
Lowering indices of molecules 3 to 6
Adding bond OH_alcohol2 CH2_alcohol3
Fusing molecule 2 to molecule 1
Lowering indices of molecules 3 to 5
Adding bond CH2_alcohol3 CH2_alcohol4
Fusing molecule 2 to molecule 1
Lowering indices of molecules 3 to 4
Adding bond CH2_alcohol4 OH_alcohol5
Fusing molecule 2 to molecule 1
Lowering indices of molecules 3 to 3
Adding bond OH_alcohol5 cH_alcohol6
Fusing molecule 2 to molecule 1
Reading geometric data from file ../ethanediol.xyz...
Number of data to be read: 6
1 : cH_alcohol1 -1.4455 -0.534 -1.1186
2 : OH_alcohol2 -1.3915 -0.5796 -0.1488
3 : CH2_alcohol3 -0.6979 0.5796 0.2967
4 : CH2_alcohol4 0.6979 0.5796 -0.2966
5 : OH_alcohol5 1.3915 -0.5796 0.1488
6 : cH_alcohol6 0.8773 -1.3546 -0.1355
Number of provided geometric data: 6
Processing 6 geometric data for molecule 1:
Data provided for atom cH_alcohol1 : -1.4455 -0.534 -1.1186
Data provided for atom OH_alcohol2 : -1.3915 -0.5796 -0.1488
Data provided for atom CH2_alcohol3 : -0.6979 0.5796 0.2967
Data provided for atom CH2_alcohol4 : 0.6979 0.5796 -0.2966
Data provided for atom OH_alcohol5 : 1.3915 -0.5796 0.1488
Data provided for atom cH_alcohol6 : 0.8773 -1.3546 -0.1355
Adding coordinate cH_alcohol1 with parameters -1.44550002 -0.533999979 -1.11860001
Adding coordinate OH_alcohol2 with parameters -1.39150000 -0.579599977 -0.148800001
Adding coordinate CH2_alcohol3 with parameters -0.697899997 0.579599977 0.296700001
Adding coordinate CH2_alcohol4 with parameters 0.697899997 0.579599977 -0.296600014
Adding coordinate OH_alcohol5 with parameters 1.39150000 -0.579599977 0.148800001
Adding coordinate cH_alcohol6 with parameters 0.877300024 -1.35459995 -0.135499999
Defining box density as 0.632324696
Setting packmol seed to 287841
Setting packmol retry parameter to 0.95
Adding packmol option pack with parameters mol(cH_alcohol1) 500
Packmol invoked with action <execute>
Box lengths are 36.6127663 36.6127663 36.6127663
Executing Packmol with scaling factor 1.00000000. Please wait...
Packmol converged with scaling factor 1.00000000
Writing data to file ethandiol_4.xyz in xyz format...
Writing data to file ethandiol_4.log in summary format...
